<?xml version="1.0" encoding="utf-8"?><testsuites name="pytest tests"><testsuite name="pytest" errors="0" failures="0" skipped="0" tests="36" time="36.065" timestamp="2026-03-02T17:43:59.627424+00:00" hostname="agent-env-e782433f-6e51-4632-83d1-278af3a34c10"><testcase classname="test_woocommerce.TestWooCommerceProducts" name="test_get_ready_florariums" time="0.140" /><testcase classname="test_woocommerce.TestWooCommerceProducts" name="test_get_diy_kits" time="0.103" /><testcase classname="test_woocommerce.TestWooCommerceProducts" name="test_diy_kit_prices_no_multiplier_bug" time="0.171" /><testcase classname="test_woocommerce.TestWooCommerceProducts" name="test_products_with_lang_parameter" time="0.307" /><testcase classname="test_woocommerce.TestWooCommerceProducts" name="test_cache_second_request_faster" time="0.165" /><testcase classname="test_woocommerce.TestCacheInvalidation" name="test_invalidate_cache" time="20.871" /><testcase classname="test_woocommerce.TestFileCacheSystem" name="test_cache_status_returns_file_info" time="0.201" /><testcase classname="test_woocommerce.TestFileCacheSystem" name="test_cache_has_english_products" time="0.132" /><testcase classname="test_woocommerce.TestFileCacheSystem" name="test_cache_has_multiple_languages" time="0.114" /><testcase classname="test_woocommerce.TestFileCacheSystem" name="test_cache_entries_have_products" time="0.108" /><testcase classname="test_woocommerce.TestProductFields" name="test_products_have_required_fields" time="0.122" /><testcase classname="test_woocommerce.TestProductFields" name="test_greek_products_load_correctly" time="0.113" /><testcase classname="test_woocommerce.TestProductFields" name="test_ready_florarium_filter_returns_products" time="0.112" /><testcase classname="test_woocommerce.TestProductFields" name="test_diy_kit_filter_returns_products" time="0.122" /><testcase classname="test_woocommerce.TestCartCRUD" name="test_add_to_cart_with_variation" time="0.177" /><testcase classname="test_woocommerce.TestCartCRUD" name="test_add_to_cart_without_variation" time="0.190" /><testcase classname="test_woocommerce.TestCartCRUD" name="test_get_cart" time="0.220" /><testcase classname="test_woocommerce.TestCartCRUD" name="test_add_same_product_increments_quantity" time="0.239" /><testcase classname="test_woocommerce.TestCartCRUD" name="test_remove_from_cart" time="0.252" /><testcase classname="test_woocommerce.TestCartCRUD" name="test_clear_cart" time="0.365" /><testcase classname="test_woocommerce.TestWooCommerceCheckout" name="test_checkout_empty_cart_returns_error" time="0.118" /><testcase classname="test_woocommerce.TestWooCommerceCheckout" name="test_checkout_creates_order_and_returns_url" time="1.981" /><testcase classname="test_woocommerce.TestWooCommerceCheckout" name="test_checkout_with_diy_product_id" time="1.719" /><testcase classname="test_woocommerce.TestWooCommerceStatus" name="test_wc_status" time="0.666" /><testcase classname="test_woocommerce.TestShippingMethods" name="test_get_shipping_methods" time="0.108" /><testcase classname="test_woocommerce.TestShippingMethods" name="test_local_pickup_is_free" time="0.109" /><testcase classname="test_woocommerce.TestCheckoutPaymentMethods" name="test_checkout_with_bacs_returns_no_checkout_url" time="1.765" /><testcase classname="test_woocommerce.TestCheckoutPaymentMethods" name="test_checkout_with_shipping_method" time="1.755" /><testcase classname="test_woocommerce.TestCheckoutPaymentMethods" name="test_checkout_with_newsletter_subscription" time="0.771" /><testcase classname="test_woocommerce.TestWooCommerceCustomerAPI" name="test_customer_register_invalid_email" time="0.134" /><testcase classname="test_woocommerce.TestWooCommerceCustomerAPI" name="test_customer_login_invalid_credentials" time="0.647" /><testcase classname="test_woocommerce.TestWooCommerceCustomerAPI" name="test_customer_profile_invalid_token" time="0.106" /><testcase classname="test_woocommerce.TestWooCommerceCustomerAPI" name="test_customer_orders_invalid_token" time="0.105" /><testcase classname="test_woocommerce.TestWooCommerceCustomerAPI" name="test_customer_logout" time="0.117" /><testcase classname="test_woocommerce.TestCheckoutBillingShipping" name="test_checkout_with_full_billing_data" time="0.862" /><testcase classname="test_woocommerce.TestCheckoutBillingShipping" name="test_checkout_requires_email_for_wc" time="0.777" /></testsuite></testsuites>