<?xml version="1.0" encoding="utf-8"?><testsuites name="pytest tests"><testsuite name="pytest" errors="0" failures="0" skipped="0" tests="29" time="20.506" timestamp="2026-03-02T06:40:19.921595+00:00" hostname="agent-env-488877dd-4d3a-43ef-bb8b-a755eddd1180"><testcase classname="backend.tests.test_api.TestAPIHealth" name="test_api_root" time="0.118" /><testcase classname="backend.tests.test_api.TestAPIHealth" name="test_get_products" time="0.099" /><testcase classname="backend.tests.test_api.TestContactEndpoint" name="test_submit_contact_form_success" time="0.103" /><testcase classname="backend.tests.test_api.TestContactEndpoint" name="test_submit_contact_form_invalid_email" time="0.129" /><testcase classname="backend.tests.test_api.TestContactEndpoint" name="test_submit_contact_form_missing_required" time="0.099" /><testcase classname="backend.tests.test_api.TestWorkshopRegistration" name="test_register_workshop_success" time="0.095" /><testcase classname="backend.tests.test_api.TestWorkshopRegistration" name="test_register_workshop_all_types" time="0.233" /><testcase classname="backend.tests.test_api.TestNewsletterSubscription" name="test_subscribe_newsletter_success" time="0.095" /><testcase classname="backend.tests.test_api.TestNewsletterSubscription" name="test_subscribe_newsletter_duplicate" time="0.160" /><testcase classname="backend.tests.test_api.TestNewsletterSubscription" name="test_subscribe_newsletter_invalid_email" time="0.097" /><testcase classname="backend.tests.test_api.TestBlogPosts" name="test_get_blog_posts" time="0.111" /><testcase classname="backend.tests.test_woocommerce.TestWooCommerceProducts" name="test_get_ready_florariums" time="0.101" /><testcase classname="backend.tests.test_woocommerce.TestWooCommerceProducts" name="test_get_diy_kits" time="0.102" /><testcase classname="backend.tests.test_woocommerce.TestWooCommerceProducts" name="test_diy_kit_prices_no_multiplier_bug" time="0.160" /><testcase classname="backend.tests.test_woocommerce.TestWooCommerceProducts" name="test_products_with_lang_parameter" time="10.740" /><testcase classname="backend.tests.test_woocommerce.TestWooCommerceProducts" name="test_cache_second_request_faster" time="0.163" /><testcase classname="backend.tests.test_woocommerce.TestCacheInvalidation" name="test_invalidate_cache" time="0.092" /><testcase classname="backend.tests.test_woocommerce.TestCartCRUD" name="test_add_to_cart_with_variation" time="0.160" /><testcase classname="backend.tests.test_woocommerce.TestCartCRUD" name="test_add_to_cart_without_variation" time="0.144" /><testcase classname="backend.tests.test_woocommerce.TestCartCRUD" name="test_get_cart" time="0.186" /><testcase classname="backend.tests.test_woocommerce.TestCartCRUD" name="test_add_same_product_increments_quantity" time="0.193" /><testcase classname="backend.tests.test_woocommerce.TestCartCRUD" name="test_remove_from_cart" time="0.179" /><testcase classname="backend.tests.test_woocommerce.TestCartCRUD" name="test_clear_cart" time="0.331" /><testcase classname="backend.tests.test_woocommerce.TestWooCommerceCheckout" name="test_checkout_empty_cart_returns_error" time="0.095" /><testcase classname="backend.tests.test_woocommerce.TestWooCommerceCheckout" name="test_checkout_creates_order_and_returns_url" time="1.743" /><testcase classname="backend.tests.test_woocommerce.TestWooCommerceCheckout" name="test_checkout_with_diy_product_id" time="1.666" /><testcase classname="backend.tests.test_woocommerce.TestWooCommerceStatus" name="test_wc_status" time="0.644" /><testcase classname="backend.tests.test_woocommerce.TestCheckoutBillingShipping" name="test_checkout_with_full_billing_data" time="1.718" /><testcase classname="backend.tests.test_woocommerce.TestCheckoutBillingShipping" name="test_checkout_requires_email_for_wc" time="0.700" /></testsuite></testsuites>