<?xml version="1.0" encoding="utf-8"?><testsuites name="pytest tests"><testsuite name="pytest" errors="0" failures="0" skipped="0" tests="39" time="23.913" timestamp="2026-03-02T07:55:19.693212+00:00" hostname="agent-env-488877dd-4d3a-43ef-bb8b-a755eddd1180"><testcase classname="backend.tests.test_api.TestAPIHealth" name="test_api_root" time="0.138" /><testcase classname="backend.tests.test_api.TestAPIHealth" name="test_get_products" time="0.115" /><testcase classname="backend.tests.test_api.TestContactEndpoint" name="test_submit_contact_form_success" time="0.113" /><testcase classname="backend.tests.test_api.TestContactEndpoint" name="test_submit_contact_form_invalid_email" time="0.100" /><testcase classname="backend.tests.test_api.TestContactEndpoint" name="test_submit_contact_form_missing_required" time="0.115" /><testcase classname="backend.tests.test_api.TestWorkshopRegistration" name="test_register_workshop_success" time="0.107" /><testcase classname="backend.tests.test_api.TestWorkshopRegistration" name="test_register_workshop_all_types" time="0.264" /><testcase classname="backend.tests.test_api.TestNewsletterSubscription" name="test_subscribe_newsletter_success" time="0.109" /><testcase classname="backend.tests.test_api.TestNewsletterSubscription" name="test_subscribe_newsletter_duplicate" time="0.146" /><testcase classname="backend.tests.test_api.TestNewsletterSubscription" name="test_subscribe_newsletter_invalid_email" time="0.117" /><testcase classname="backend.tests.test_api.TestBlogPosts" name="test_get_blog_posts" time="0.102" /><testcase classname="backend.tests.test_woocommerce.TestWooCommerceProducts" name="test_get_ready_florariums" time="0.100" /><testcase classname="backend.tests.test_woocommerce.TestWooCommerceProducts" name="test_get_diy_kits" time="0.106" /><testcase classname="backend.tests.test_woocommerce.TestWooCommerceProducts" name="test_diy_kit_prices_no_multiplier_bug" time="0.166" /><testcase classname="backend.tests.test_woocommerce.TestWooCommerceProducts" name="test_products_with_lang_parameter" time="9.576" /><testcase classname="backend.tests.test_woocommerce.TestWooCommerceProducts" name="test_cache_second_request_faster" time="0.187" /><testcase classname="backend.tests.test_woocommerce.TestCacheInvalidation" name="test_invalidate_cache" time="0.098" /><testcase classname="backend.tests.test_woocommerce.TestCartCRUD" name="test_add_to_cart_with_variation" time="0.149" /><testcase classname="backend.tests.test_woocommerce.TestCartCRUD" name="test_add_to_cart_without_variation" time="0.156" /><testcase classname="backend.tests.test_woocommerce.TestCartCRUD" name="test_get_cart" time="0.213" /><testcase classname="backend.tests.test_woocommerce.TestCartCRUD" name="test_add_same_product_increments_quantity" time="0.215" /><testcase classname="backend.tests.test_woocommerce.TestCartCRUD" name="test_remove_from_cart" time="0.193" /><testcase classname="backend.tests.test_woocommerce.TestCartCRUD" name="test_clear_cart" time="0.379" /><testcase classname="backend.tests.test_woocommerce.TestWooCommerceCheckout" name="test_checkout_empty_cart_returns_error" time="0.110" /><testcase classname="backend.tests.test_woocommerce.TestWooCommerceCheckout" name="test_checkout_creates_order_and_returns_url" time="1.748" /><testcase classname="backend.tests.test_woocommerce.TestWooCommerceCheckout" name="test_checkout_with_diy_product_id" time="1.675" /><testcase classname="backend.tests.test_woocommerce.TestWooCommerceStatus" name="test_wc_status" time="0.634" /><testcase classname="backend.tests.test_woocommerce.TestShippingMethods" name="test_get_shipping_methods" time="0.113" /><testcase classname="backend.tests.test_woocommerce.TestShippingMethods" name="test_local_pickup_is_free" time="0.112" /><testcase classname="backend.tests.test_woocommerce.TestCheckoutPaymentMethods" name="test_checkout_with_bacs_returns_no_checkout_url" time="1.677" /><testcase classname="backend.tests.test_woocommerce.TestCheckoutPaymentMethods" name="test_checkout_with_shipping_method" time="1.724" /><testcase classname="backend.tests.test_woocommerce.TestCheckoutPaymentMethods" name="test_checkout_with_newsletter_subscription" time="0.677" /><testcase classname="backend.tests.test_woocommerce.TestWooCommerceCustomerAPI" name="test_customer_register_invalid_email" time="0.123" /><testcase classname="backend.tests.test_woocommerce.TestWooCommerceCustomerAPI" name="test_customer_login_invalid_credentials" time="0.612" /><testcase classname="backend.tests.test_woocommerce.TestWooCommerceCustomerAPI" name="test_customer_profile_invalid_token" time="0.101" /><testcase classname="backend.tests.test_woocommerce.TestWooCommerceCustomerAPI" name="test_customer_orders_invalid_token" time="0.106" /><testcase classname="backend.tests.test_woocommerce.TestWooCommerceCustomerAPI" name="test_customer_logout" time="0.105" /><testcase classname="backend.tests.test_woocommerce.TestCheckoutBillingShipping" name="test_checkout_with_full_billing_data" time="0.682" /><testcase classname="backend.tests.test_woocommerce.TestCheckoutBillingShipping" name="test_checkout_requires_email_for_wc" time="0.683" /></testsuite></testsuites>