<?xml version="1.0" encoding="utf-8"?><testsuites name="pytest tests"><testsuite name="pytest" errors="0" failures="0" skipped="0" tests="11" time="1.667" timestamp="2026-02-26T03:44:18.761067+00:00" hostname="agent-env-3ed5d97a-16ea-4b6d-9310-ddc1c1829418"><testcase classname="backend.tests.test_api.TestAPIHealth" name="test_api_root" time="0.173" /><testcase classname="backend.tests.test_api.TestAPIHealth" name="test_get_products" time="0.114" /><testcase classname="backend.tests.test_api.TestContactEndpoint" name="test_submit_contact_form_success" time="0.136" /><testcase classname="backend.tests.test_api.TestContactEndpoint" name="test_submit_contact_form_invalid_email" time="0.129" /><testcase classname="backend.tests.test_api.TestContactEndpoint" name="test_submit_contact_form_missing_required" time="0.113" /><testcase classname="backend.tests.test_api.TestWorkshopRegistration" name="test_register_workshop_success" time="0.115" /><testcase classname="backend.tests.test_api.TestWorkshopRegistration" name="test_register_workshop_all_types" time="0.297" /><testcase classname="backend.tests.test_api.TestNewsletterSubscription" name="test_subscribe_newsletter_success" time="0.126" /><testcase classname="backend.tests.test_api.TestNewsletterSubscription" name="test_subscribe_newsletter_duplicate" time="0.201" /><testcase classname="backend.tests.test_api.TestNewsletterSubscription" name="test_subscribe_newsletter_invalid_email" time="0.112" /><testcase classname="backend.tests.test_api.TestBlogPosts" name="test_get_blog_posts" time="0.117" /></testsuite></testsuites>