<?xml version="1.0" encoding="utf-8"?><testsuites name="pytest tests"><testsuite name="pytest" errors="0" failures="0" skipped="0" tests="16" time="22.173" timestamp="2026-03-02T05:48:53.640144+00:00" hostname="agent-env-488877dd-4d3a-43ef-bb8b-a755eddd1180"><testcase classname="backend.tests.test_woocommerce.TestWooCommerceProducts" name="test_get_ready_florariums" time="3.463" /><testcase classname="backend.tests.test_woocommerce.TestWooCommerceProducts" name="test_get_diy_kits" time="3.177" /><testcase classname="backend.tests.test_woocommerce.TestWooCommerceProducts" name="test_diy_kit_prices_no_multiplier_bug" time="0.186" /><testcase classname="backend.tests.test_woocommerce.TestWooCommerceProducts" name="test_products_with_lang_parameter" time="9.427" /><testcase classname="backend.tests.test_woocommerce.TestWooCommerceProducts" name="test_cache_second_request_faster" time="0.189" /><testcase classname="backend.tests.test_woocommerce.TestCacheInvalidation" name="test_invalidate_cache" time="0.120" /><testcase classname="backend.tests.test_woocommerce.TestCartCRUD" name="test_add_to_cart_with_variation" time="0.158" /><testcase classname="backend.tests.test_woocommerce.TestCartCRUD" name="test_add_to_cart_without_variation" time="0.141" /><testcase classname="backend.tests.test_woocommerce.TestCartCRUD" name="test_get_cart" time="0.218" /><testcase classname="backend.tests.test_woocommerce.TestCartCRUD" name="test_add_same_product_increments_quantity" time="0.203" /><testcase classname="backend.tests.test_woocommerce.TestCartCRUD" name="test_remove_from_cart" time="0.218" /><testcase classname="backend.tests.test_woocommerce.TestCartCRUD" name="test_clear_cart" time="0.348" /><testcase classname="backend.tests.test_woocommerce.TestWooCommerceCheckout" name="test_checkout_empty_cart_returns_error" time="0.116" /><testcase classname="backend.tests.test_woocommerce.TestWooCommerceCheckout" name="test_checkout_creates_order_and_returns_url" time="1.771" /><testcase classname="backend.tests.test_woocommerce.TestWooCommerceCheckout" name="test_checkout_with_diy_product_id" time="1.725" /><testcase classname="backend.tests.test_woocommerce.TestWooCommerceStatus" name="test_wc_status" time="0.653" /></testsuite></testsuites>